
[0m[2m[35m$[0m [2m[1mnext build[0m
  [1m[38;2;173;127;168m▲ Next.js 15.0.1[39m[22m

 [37m[1m [22m[39m Creating an optimized production build ...
 [32m[1m✓[22m[39m Compiled successfully
 [37m[1m [22m[39m Skipping validation of types
[?25l [37m[1m [22m[39m Linting  [36m.[39m[2K[1G[?25h [37m[1m [22m[39m Linting     [32m[1m✓[22m[39m Linting 
[?25l [37m[1m [22m[39m Collecting page data  [36m.[39m[2K[1G[?25h [37m[1m [22m[39m Collecting page data     [32m[1m✓[22m[39m Collecting page data 
[?25l [37m[1m [22m[39m Generating static pages (0/5)  [36m[    ][39m[2K[1G[?25hTypeError: Cannot read properties of null (reading 'useContext')
    at exports.useContext (/Users/adr/code/ts-mono/node_modules/react/cjs/react.production.js:488:33)
    at StyleRegistry (/Users/adr/code/ts-mono/node_modules/styled-jsx/dist/index/index.js:450:30)
    at Wc (/Users/adr/code/ts-mono/apps/gdr/node_modules/next/node_modules/react-dom/cjs/react-dom-server.browser.production.min.js:68:44)
    at Zc (/Users/adr/code/ts-mono/apps/gdr/node_modules/next/node_modules/react-dom/cjs/react-dom-server.browser.production.min.js:70:253)
    at Z (/Users/adr/code/ts-mono/apps/gdr/node_modules/next/node_modules/react-dom/cjs/react-dom-server.browser.production.min.js:76:89)
    at Zc (/Users/adr/code/ts-mono/apps/gdr/node_modules/next/node_modules/react-dom/cjs/react-dom-server.browser.production.min.js:74:209)
    at Z (/Users/adr/code/ts-mono/apps/gdr/node_modules/next/node_modules/react-dom/cjs/react-dom-server.browser.production.min.js:76:89)
    at Zc (/Users/adr/code/ts-mono/apps/gdr/node_modules/next/node_modules/react-dom/cjs/react-dom-server.browser.production.min.js:74:209)
    at Z (/Users/adr/code/ts-mono/apps/gdr/node_modules/next/node_modules/react-dom/cjs/react-dom-server.browser.production.min.js:76:89)
    at Zc (/Users/adr/code/ts-mono/apps/gdr/node_modules/next/node_modules/react-dom/cjs/react-dom-server.browser.production.min.js:74:209)
Error occurred prerendering page "/500". Read more: https://nextjs.org/docs/messages/prerender-error
TypeError: Cannot read properties of null (reading 'useContext')
    at exports.useContext (/Users/adr/code/ts-mono/node_modules/react/cjs/react.production.js:488:33)
    at StyleRegistry (/Users/adr/code/ts-mono/node_modules/styled-jsx/dist/index/index.js:450:30)
    at Wc (/Users/adr/code/ts-mono/apps/gdr/node_modules/next/node_modules/react-dom/cjs/react-dom-server.browser.production.min.js:68:44)
    at Zc (/Users/adr/code/ts-mono/apps/gdr/node_modules/next/node_modules/react-dom/cjs/react-dom-server.browser.production.min.js:70:253)
    at Z (/Users/adr/code/ts-mono/apps/gdr/node_modules/next/node_modules/react-dom/cjs/react-dom-server.browser.production.min.js:76:89)
    at Zc (/Users/adr/code/ts-mono/apps/gdr/node_modules/next/node_modules/react-dom/cjs/react-dom-server.browser.production.min.js:74:209)
    at Z (/Users/adr/code/ts-mono/apps/gdr/node_modules/next/node_modules/react-dom/cjs/react-dom-server.browser.production.min.js:76:89)
    at Zc (/Users/adr/code/ts-mono/apps/gdr/node_modules/next/node_modules/react-dom/cjs/react-dom-server.browser.production.min.js:74:209)
    at Z (/Users/adr/code/ts-mono/apps/gdr/node_modules/next/node_modules/react-dom/cjs/react-dom-server.browser.production.min.js:76:89)
    at Zc (/Users/adr/code/ts-mono/apps/gdr/node_modules/next/node_modules/react-dom/cjs/react-dom-server.browser.production.min.js:74:209)
Export encountered an error on /_error: /500, exiting the build.
 [31m[1m⨯[22m[39m Static worker exited with code: 1 and signal: null
[?25h[0m[31merror[0m[2m:[0m script [1m"build"[0m exited with code 1[0m
Error: Command failed: /Users/adr/code/ts-mono/node_modules/@oven/bun-darwin-aarch64/bin/bun run build
[90m    at genericNodeError (node:internal/errors:983:15)[39m
[90m    at wrappedFn (node:internal/errors:537:14)[39m
[90m    at checkExecSyncError (node:child_process:888:11)[39m
[90m    at execFileSync (node:child_process:924:15)[39m
    at /Users/adr/code/ts-mono/node_modules/[4mbun[24m/bin/bun:405:66 {
  status: [33m1[39m,
  signal: [1mnull[22m,
  output: [ [1mnull[22m, [1mnull[22m, [1mnull[22m ],
  pid: [33m18931[39m,
  stdout: [1mnull[22m,
  stderr: [1mnull[22m
}
